<?xml version="1.0" encoding="UTF-8"?><testsuite errors="0" failures="0" name="Register" skipped="0" tests="7" time="143.1" timestamp="2022-11-11 12:02:16"><testcase name="Register with null fullname null email null password"/><testcase name="Register with valid fullname null email null password"/><testcase name="Register with null fullname valid email null password"/><testcase name="Register with null fullname null email valid password"/><testcase name="Register with valid fullname valid email null password"/><testcase name="Register with valid fullname null email valid password"/><testcase name="Register with null fullname valid email valid password"/></testsuite>